0 info it worked if it ends with ok
1 verbose cli [ 'C:\\Program Files\\nodejs\\node.exe',
1 verbose cli   'C:\\Program Files\\nodejs\\node_modules\\npm\\bin\\npm-cli.js',
1 verbose cli   'run',
1 verbose cli   'coverage' ]
2 info using npm@3.10.10
3 info using node@v6.10.0
4 verbose run-script [ 'precoverage', 'coverage', 'postcoverage' ]
5 info lifecycle nx@0.0.0~precoverage: nx@0.0.0
6 silly lifecycle nx@0.0.0~precoverage: no script for precoverage, continuing
7 info lifecycle nx@0.0.0~coverage: nx@0.0.0
8 verbose lifecycle nx@0.0.0~coverage: unsafe-perm in lifecycle true
9 verbose lifecycle nx@0.0.0~coverage: PATH: C:\Program Files\nodejs\node_modules\npm\bin\node-gyp-bin;C:\wamp\www\nx\node_modules\.bin;%SystemRoot%\system32\WindowsPowerShell\v1.0\;C:\ProgramData\Oracle\Java\javapath;C:\Windows\system32;C:\Windows;C:\Windows\System32\Wbem;C:\Windows\System32\WindowsPowerShell\v1.0\;C:\Program Files (x86)\Skype\Phone\;C:\Program Files\Git\cmd;C:\Program Files\nodejs\;C:\Program Files\MongoDB\Server\3.2\bin;C:\Users\user\AppData\Local\atom\bin;C:\Users\user\AppData\Roaming\npm
10 verbose lifecycle nx@0.0.0~coverage: CWD: C:\wamp\www\nx
11 silly lifecycle nx@0.0.0~coverage: Args: [ '/d /s /c',
11 silly lifecycle   'istanbul cover node_modules/mocha/bin/_mocha -- -R spec --recursive test' ]
12 silly lifecycle nx@0.0.0~coverage: Returned: code: 1  signal: null
13 info lifecycle nx@0.0.0~coverage: Failed to exec coverage script
14 verbose stack Error: nx@0.0.0 coverage: `istanbul cover node_modules/mocha/bin/_mocha -- -R spec --recursive test`
14 verbose stack Exit status 1
14 verbose stack     at EventEmitter.<anonymous> (C:\Program Files\nodejs\node_modules\npm\lib\utils\lifecycle.js:255:16)
14 verbose stack     at emitTwo (events.js:106:13)
14 verbose stack     at EventEmitter.emit (events.js:191:7)
14 verbose stack     at ChildProcess.<anonymous> (C:\Program Files\nodejs\node_modules\npm\lib\utils\spawn.js:40:14)
14 verbose stack     at emitTwo (events.js:106:13)
14 verbose stack     at ChildProcess.emit (events.js:191:7)
14 verbose stack     at maybeClose (internal/child_process.js:877:16)
14 verbose stack     at Process.ChildProcess._handle.onexit (internal/child_process.js:226:5)
15 verbose pkgid nx@0.0.0
16 verbose cwd C:\wamp\www\nx
17 error Windows_NT 6.1.7601
18 error argv "C:\\Program Files\\nodejs\\node.exe" "C:\\Program Files\\nodejs\\node_modules\\npm\\bin\\npm-cli.js" "run" "coverage"
19 error node v6.10.0
20 error npm  v3.10.10
21 error code ELIFECYCLE
22 error nx@0.0.0 coverage: `istanbul cover node_modules/mocha/bin/_mocha -- -R spec --recursive test`
22 error Exit status 1
23 error Failed at the nx@0.0.0 coverage script 'istanbul cover node_modules/mocha/bin/_mocha -- -R spec --recursive test'.
23 error Make sure you have the latest version of node.js and npm installed.
23 error If you do, this is most likely a problem with the nx package,
23 error not with npm itself.
23 error Tell the author that this fails on your system:
23 error     istanbul cover node_modules/mocha/bin/_mocha -- -R spec --recursive test
23 error You can get information on how to open an issue for this project with:
23 error     npm bugs nx
23 error Or if that isn't available, you can get their info via:
23 error     npm owner ls nx
23 error There is likely additional logging output above.
24 verbose exit [ 1, true ]
